Starting plate-only improved training at Tue Oct  7 01:42:43 AM +07 2025
Job ID: 30502
GPU: 0
Python 3.10.12
PyTorch: 2.5.1+cu121
Transformers: 4.57.0
=== Running PLATE-ONLY training (no province prediction) ===
{'loss': 18.6839, 'grad_norm': 56.980892181396484, 'learning_rate': 2.3000000000000004e-06, 'epoch': 0.14}
{'loss': 11.0561, 'grad_norm': 21.385295867919922, 'learning_rate': 4.800000000000001e-06, 'epoch': 0.29}
{'loss': 8.3376, 'grad_norm': 18.819400787353516, 'learning_rate': 7.3e-06, 'epoch': 0.43}
{'loss': 7.2485, 'grad_norm': 18.776203155517578, 'learning_rate': 9.800000000000001e-06, 'epoch': 0.57}
{'loss': 7.0468, 'grad_norm': 16.776182174682617, 'learning_rate': 9.823076923076924e-06, 'epoch': 0.72}
{'loss': 6.9351, 'grad_norm': 17.028146743774414, 'learning_rate': 9.630769230769232e-06, 'epoch': 0.86}
{'loss': 6.6803, 'grad_norm': 15.125992774963379, 'learning_rate': 9.43846153846154e-06, 'epoch': 1.0}
{'eval_loss': 3.2779598236083984, 'eval_cer': 7.706950644841261, 'eval_exact_match': 0.0, 'eval_runtime': 95.009, 'eval_samples_per_second': 16.167, 'eval_steps_per_second': 1.01, 'epoch': 1.0}
{'loss': 6.7634, 'grad_norm': 14.62637996673584, 'learning_rate': 9.246153846153847e-06, 'epoch': 1.14}
{'loss': 6.6912, 'grad_norm': 15.107956886291504, 'learning_rate': 9.053846153846154e-06, 'epoch': 1.29}
{'loss': 6.5719, 'grad_norm': 17.719432830810547, 'learning_rate': 8.861538461538463e-06, 'epoch': 1.43}
{'loss': 6.6536, 'grad_norm': 16.90966796875, 'learning_rate': 8.669230769230769e-06, 'epoch': 1.57}
{'loss': 6.5283, 'grad_norm': 14.435731887817383, 'learning_rate': 8.476923076923078e-06, 'epoch': 1.72}
{'loss': 6.4204, 'grad_norm': 16.27606773376465, 'learning_rate': 8.284615384615386e-06, 'epoch': 1.86}
{'loss': 6.4477, 'grad_norm': 13.370748519897461, 'learning_rate': 8.092307692307693e-06, 'epoch': 2.0}
{'eval_loss': 3.1797382831573486, 'eval_cer': 6.623696366567472, 'eval_exact_match': 0.0, 'eval_runtime': 103.5041, 'eval_samples_per_second': 14.84, 'eval_steps_per_second': 0.927, 'epoch': 2.0}
{'loss': 6.506, 'grad_norm': 16.30165672302246, 'learning_rate': 7.9e-06, 'epoch': 2.14}
{'loss': 6.4783, 'grad_norm': 13.831599235534668, 'learning_rate': 7.707692307692308e-06, 'epoch': 2.29}
{'loss': 6.453, 'grad_norm': 13.728534698486328, 'learning_rate': 7.5153846153846155e-06, 'epoch': 2.43}
{'loss': 6.3933, 'grad_norm': 14.17763614654541, 'learning_rate': 7.323076923076924e-06, 'epoch': 2.57}
{'loss': 6.4126, 'grad_norm': 15.378399848937988, 'learning_rate': 7.130769230769231e-06, 'epoch': 2.72}
{'loss': 6.3298, 'grad_norm': 15.06985855102539, 'learning_rate': 6.9384615384615395e-06, 'epoch': 2.86}
{'loss': 6.2543, 'grad_norm': 10.48497486114502, 'learning_rate': 6.746153846153847e-06, 'epoch': 3.0}
{'eval_loss': 3.137993574142456, 'eval_cer': 6.380975632440461, 'eval_exact_match': 0.0, 'eval_runtime': 96.6347, 'eval_samples_per_second': 15.895, 'eval_steps_per_second': 0.993, 'epoch': 3.0}
{'loss': 6.3052, 'grad_norm': 17.880937576293945, 'learning_rate': 6.553846153846154e-06, 'epoch': 3.14}
{'loss': 6.2749, 'grad_norm': 15.706998825073242, 'learning_rate': 6.361538461538463e-06, 'epoch': 3.29}
{'loss': 6.2672, 'grad_norm': 14.859642028808594, 'learning_rate': 6.169230769230769e-06, 'epoch': 3.43}
{'loss': 6.2717, 'grad_norm': 17.682737350463867, 'learning_rate': 5.976923076923078e-06, 'epoch': 3.57}
{'loss': 6.285, 'grad_norm': 14.922663688659668, 'learning_rate': 5.784615384615385e-06, 'epoch': 3.72}
{'loss': 6.3306, 'grad_norm': 15.413768768310547, 'learning_rate': 5.5923076923076925e-06, 'epoch': 3.86}
{'loss': 6.2601, 'grad_norm': 11.132631301879883, 'learning_rate': 5.400000000000001e-06, 'epoch': 4.0}
{'eval_loss': 3.1014068126678467, 'eval_cer': 5.720265997023816, 'eval_exact_match': 0.0, 'eval_runtime': 87.9255, 'eval_samples_per_second': 17.469, 'eval_steps_per_second': 1.092, 'epoch': 4.0}
{'loss': 6.113, 'grad_norm': 15.105398178100586, 'learning_rate': 5.207692307692308e-06, 'epoch': 4.14}
{'loss': 6.221, 'grad_norm': 14.63267707824707, 'learning_rate': 5.015384615384616e-06, 'epoch': 4.29}
{'loss': 6.2478, 'grad_norm': 15.875694274902344, 'learning_rate': 4.823076923076924e-06, 'epoch': 4.43}
{'loss': 6.2568, 'grad_norm': 15.985241889953613, 'learning_rate': 4.630769230769231e-06, 'epoch': 4.57}
{'loss': 6.2041, 'grad_norm': 15.292078018188477, 'learning_rate': 4.438461538461539e-06, 'epoch': 4.72}
{'loss': 6.1579, 'grad_norm': 15.866402626037598, 'learning_rate': 4.246153846153846e-06, 'epoch': 4.86}
{'loss': 6.1578, 'grad_norm': 13.221402168273926, 'learning_rate': 4.053846153846155e-06, 'epoch': 5.0}
{'eval_loss': 3.0876522064208984, 'eval_cer': 5.792509920634924, 'eval_exact_match': 0.0, 'eval_runtime': 104.347, 'eval_samples_per_second': 14.72, 'eval_steps_per_second': 0.92, 'epoch': 5.0}
{'loss': 6.1306, 'grad_norm': 13.404938697814941, 'learning_rate': 3.861538461538462e-06, 'epoch': 5.14}
{'loss': 6.1252, 'grad_norm': 15.962420463562012, 'learning_rate': 3.6692307692307695e-06, 'epoch': 5.29}
{'loss': 6.1047, 'grad_norm': 14.075067520141602, 'learning_rate': 3.476923076923077e-06, 'epoch': 5.43}
{'loss': 6.1341, 'grad_norm': 16.269670486450195, 'learning_rate': 3.284615384615385e-06, 'epoch': 5.57}
{'loss': 6.1712, 'grad_norm': 15.122711181640625, 'learning_rate': 3.0923076923076927e-06, 'epoch': 5.72}
{'loss': 6.1006, 'grad_norm': 15.351783752441406, 'learning_rate': 2.9e-06, 'epoch': 5.86}
{'loss': 6.037, 'grad_norm': 15.285265922546387, 'learning_rate': 2.7076923076923076e-06, 'epoch': 6.0}
{'eval_loss': 3.07661509513855, 'eval_cer': 5.924387710813497, 'eval_exact_match': 0.0, 'eval_runtime': 89.0522, 'eval_samples_per_second': 17.248, 'eval_steps_per_second': 1.078, 'epoch': 6.0}
{'loss': 6.086, 'grad_norm': 13.9432954788208, 'learning_rate': 2.5153846153846155e-06, 'epoch': 6.14}
{'loss': 6.0329, 'grad_norm': 14.575374603271484, 'learning_rate': 2.3230769230769234e-06, 'epoch': 6.29}
{'loss': 6.0681, 'grad_norm': 17.413734436035156, 'learning_rate': 2.130769230769231e-06, 'epoch': 6.43}
{'loss': 6.0031, 'grad_norm': 14.374565124511719, 'learning_rate': 1.9384615384615387e-06, 'epoch': 6.57}
{'loss': 6.0644, 'grad_norm': 15.553930282592773, 'learning_rate': 1.7461538461538464e-06, 'epoch': 6.72}
{'loss': 6.0456, 'grad_norm': 14.222248077392578, 'learning_rate': 1.5538461538461538e-06, 'epoch': 6.86}
{'loss': 5.9514, 'grad_norm': 13.334227561950684, 'learning_rate': 1.3615384615384617e-06, 'epoch': 7.0}
{'eval_loss': 3.070420026779175, 'eval_cer': 6.628834945436505, 'eval_exact_match': 0.0, 'eval_runtime': 94.3165, 'eval_samples_per_second': 16.286, 'eval_steps_per_second': 1.018, 'epoch': 7.0}
{'loss': 6.018, 'grad_norm': 14.663005828857422, 'learning_rate': 1.1692307692307693e-06, 'epoch': 7.14}
{'loss': 5.9902, 'grad_norm': 14.861244201660156, 'learning_rate': 9.76923076923077e-07, 'epoch': 7.29}
{'loss': 6.0434, 'grad_norm': 15.082443237304688, 'learning_rate': 7.846153846153847e-07, 'epoch': 7.43}
{'loss': 6.0187, 'grad_norm': 19.105613708496094, 'learning_rate': 5.923076923076924e-07, 'epoch': 7.57}
{'loss': 5.977, 'grad_norm': 17.035402297973633, 'learning_rate': 4.0000000000000003e-07, 'epoch': 7.72}
{'loss': 6.0049, 'grad_norm': 15.089314460754395, 'learning_rate': 2.076923076923077e-07, 'epoch': 7.86}
{'loss': 5.9423, 'grad_norm': 12.89853286743164, 'learning_rate': 1.5384615384615385e-08, 'epoch': 8.0}
{'eval_loss': 3.0698928833007812, 'eval_cer': 7.067530071924593, 'eval_exact_match': 0.0, 'eval_runtime': 112.4799, 'eval_samples_per_second': 13.656, 'eval_steps_per_second': 0.853, 'epoch': 8.0}
{'train_runtime': 11885.7764, 'train_samples_per_second': 3.762, 'train_steps_per_second': 0.236, 'train_loss': 6.630265862601144, 'epoch': 8.0}
=== Training completed at Tue Oct  7 05:04:22 AM +07 2025 ===
=== Training failed or incomplete, skipping evaluation ===
=== All completed at Tue Oct  7 05:04:22 AM +07 2025 ===
